<?xml version="1.0" encoding="UTF-8"?>
<testng-results ignored="0" total="2" passed="2" failed="0" skipped="0">
  <reporter-output>
  </reporter-output>
  <suite started-at="2022-05-20T19:40:53 IST" name="Default suite" finished-at="2022-05-20T19:41:13 IST" duration-ms="20261">
    <groups>
    </groups>
    <test started-at="2022-05-20T19:40:53 IST" name="Default test" finished-at="2022-05-20T19:41:13 IST" duration-ms="20261">
      <class name="SAMPLE.New">
        <test-method is-config="true" signature="initialisation()[pri:0, instance:SAMPLE.New@659499f1]" started-at="2022-05-20T19:40:53 IST" name="initialisation" finished-at="2022-05-20T19:41:12 IST" duration-ms="19395" status="PASS">
          <reporter-output>
          </reporter-output>
        </test-method> <!-- initialisation -->
        <test-method signature="getTitle()[pri:0, instance:SAMPLE.New@659499f1]" started-at="2022-05-20T19:41:12 IST" name="getTitle" finished-at="2022-05-20T19:41:12 IST" duration-ms="44" status="PASS">
          <reporter-output>
          </reporter-output>
        </test-method> <!-- getTitle -->
        <test-method signature="validateText()[pri:0, instance:SAMPLE.New@659499f1]" started-at="2022-05-20T19:41:12 IST" name="validateText" finished-at="2022-05-20T19:41:13 IST" duration-ms="654" status="PASS">
          <reporter-output>
          </reporter-output>
        </test-method> <!-- validateText -->
      </class> <!-- SAMPLE.New -->
    </test> <!-- Default test -->
  </suite> <!-- Default suite -->
</testng-results>
