<?xml version="1.0" encoding="UTF-8"?>
<!-- Generated by org.testng.reporters.JUnitXMLReporter -->
<testsuite ignored="0" hostname="DESKTOP-17DQ8NK" failures="0" tests="3" name="NewTest" time="85.193" errors="0" timestamp="2022-02-02T18:33:02 IST">
  <testcase classname="TestngSample.NewTest" name="getTitle" time="0.268"/>
  <testcase classname="TestngSample.DependsOnmethodTest" name="getTitleWebsite" time="0.598"/>
  <testcase classname="TestngSample.DependsOnmethodTest" name="message" time="0.008"/>
</testsuite> <!-- NewTest -->
